Active-HDL 13.0.376.8320 2022-11-22 18:33:04

Elaboration top modules:
Architecture                  rtl(shift)


-----------------------------------------------------------------------------------------------
Entity   | Architecture | Library     | Info | Compiler Version          | Compilation Options
-----------------------------------------------------------------------------------------------
shift    | rtl          | homework_53 |      | 13.0.376.8320 (Windows64) | -O3 -2008
-----------------------------------------------------------------------------------------------

-----------------------------------------------------------------------------------------------
VHDL Package            | Library     | Info | Compiler Version          | Compilation Options
-----------------------------------------------------------------------------------------------
standard                | std         |      |                           | <unavailable>
TEXTIO                  | std         |      | 13.0.376.8320 (Windows64) |  -2019
std_logic_1164          | ieee        |      | 13.0.376.8320 (Windows64) |  -2008
-----------------------------------------------------------------------------------------------

-----------------------------------------------------------------------------------------------
Library                 | Comment
-----------------------------------------------------------------------------------------------
homework_53             | None
ieee                    | Standard IEEE packages library
std                     | Standard VHDL library
-----------------------------------------------------------------------------------------------
