Active-HDL 13.0.376.8320 2022-10-07 10:17:42

Elaboration top modules:
Architecture                  or_vect_n(log_func)


----------------------------------------------------------------------------------------------
Entity   | Architecture | Library    | Info | Compiler Version          | Compilation Options
----------------------------------------------------------------------------------------------
log_func | or_vect_n    | homewrk_22 |      | 13.0.376.8320 (Windows64) | -O3
----------------------------------------------------------------------------------------------

----------------------------------------------------------------------------------------------
VHDL Package            | Library    | Info | Compiler Version          | Compilation Options
----------------------------------------------------------------------------------------------
standard                | std        |      |                           | <unavailable>
TEXTIO                  | std        |      | 13.0.376.8320 (Windows64) |  -2019
std_logic_1164          | ieee       |      | 13.0.376.8320 (Windows64) |  -2008
NUMERIC_STD             | ieee       |      | 13.0.376.8320 (Windows64) |  -2008
----------------------------------------------------------------------------------------------

----------------------------------------------------------------------------------------------
Library                 | Comment
----------------------------------------------------------------------------------------------
homewrk_22              | None
ieee                    | Standard IEEE packages library
std                     | Standard VHDL library
----------------------------------------------------------------------------------------------
