# ELBREAD: Elaboration process.
# ELBREAD: Elaboration time 0.0 [s].
acom -O3 -e 100 -work h1 -2008  $dsn/src/H1.vhd
# Warning: DAGGEN_0523: The source is compiled without the -dbg switch. Line breakpoints and assertion debug will not be available.
# File: C:/My_Designs/Homework_1/H1/src/H1.vhd
# Compile Entity "log_func"
# Compile Architecture "rtl1" of Entity "log_func"
# Compile Configuration "logic_func_conf"
# Compile success 0 Errors 0 Warnings  Analysis time :  62.0 [ms]
asim -O5 +access +r +m+logic_func_conf logic_func_conf
# ELBREAD: Elaboration process.
# ELBREAD: Elaboration time 0.0 [s].
# VSIM: Stack memory: 32MB
# VSIM: Retval memory: 32MB
# 
# KERNEL: Main thread initiated.
# KERNEL: Kernel process initialization phase.
# ELAB2: Elaboration final pass...
# ELAB2: Create instances ...
# KERNEL: Time resolution set to 1ps.
# ELAB2: Create instances complete.
# SLP: Started
# SLP: Elaboration phase ...
# SLP: Elaboration phase ... skipped, nothing to simulate in SLP mode : 0.0 [s]
# SLP: Finished : 0.0 [s]
# ELAB2: Elaboration final pass complete - time: 0.0 [s].
# KERNEL: Warning: You are using the Active-HDL Student Edition. The performance of simulation is running at a reduced rate.
# KERNEL: Warning: Contact Aldec for available upgrade options - sales@aldec.com.
# KERNEL: Kernel process initialization done.
# Allocation: Simulator allocated 5436 kB (elbread=427 elab2=4870 kernel=138 sdf=0)
# KERNEL: ASDB file was created in location C:\My_Designs\Homework_1\H1\src\wave.asdb
# Stimuli: Warning: The stimuli set "StimuliSet1" has been made inactive.
#  17:23, 11 но€бр€ 2022 г.
#  Simulation has been initialized
# add wave -noreg {/log_func/x1}
# add wave -noreg {/log_func/x2}
# add wave -noreg {/log_func/x3}
# add wave -noreg {/log_func/f}
# VSIM: 4 object(s) traced.
# Waveform file 'untitled.awc' connected to 'C:/My_Designs/Homework_1/H1/src/wave.asdb'.
# Stimuli: Info: The stimuli set "StimuliSet1" has been made active.
run 200 ns
# KERNEL: stopped at time: 200 ns
endsim
# VSIM: Simulation has finished.
asim -O5 +access +r +m+logic_func_conf logic_func_conf
# ELBREAD: Elaboration process.
# ELBREAD: Elaboration time 0.0 [s].
# VSIM: Stack memory: 32MB
# VSIM: Retval memory: 32MB
# 
# KERNEL: Main thread initiated.
# KERNEL: Kernel process initialization phase.
# ELAB2: Elaboration final pass...
# ELAB2: Create instances ...
# KERNEL: Time resolution set to 1ps.
# ELAB2: Create instances complete.
# SLP: Started
# SLP: Elaboration phase ...
# SLP: Elaboration phase ... skipped, nothing to simulate in SLP mode : 0.0 [s]
# SLP: Finished : 0.0 [s]
# ELAB2: Elaboration final pass complete - time: 0.0 [s].
# KERNEL: Warning: You are using the Active-HDL Student Edition. The performance of simulation is running at a reduced rate.
# KERNEL: Warning: Contact Aldec for available upgrade options - sales@aldec.com.
# KERNEL: Kernel process initialization done.
# Allocation: Simulator allocated 5436 kB (elbread=427 elab2=4870 kernel=138 sdf=0)
# KERNEL: ASDB file was created in location C:\My_Designs\Homework_1\H1\src\wave.asdb
# Stimuli: Warning: The stimuli set "StimuliSet1" has been made inactive.
#  17:24, 11 но€бр€ 2022 г.
#  Simulation has been initialized
# Waveform file 'untitled.awc' connected to 'C:/My_Designs/Homework_1/H1/src/wave.asdb'.
# Stimuli: Info: The stimuli set "StimuliSet1" has been made active.
run 400 ns
# KERNEL: stopped at time: 400 ns
