Active-HDL 13.0.376.8320 2022-11-25 18:57:55

Elaboration top modules:
Architecture                  tb(shift_tb)


-----------------------------------------------------------------------------------------------
Entity   | Architecture | Library     | Info | Compiler Version          | Compilation Options
-----------------------------------------------------------------------------------------------
shift_tb | tb           | homework_61 |      | 13.0.376.8320 (Windows64) | -O3 -2008
shift    | rtl          | homework_61 |      | 13.0.376.8320 (Windows64) | -O3 -2008
-----------------------------------------------------------------------------------------------

-----------------------------------------------------------------------------------------------
VHDL Package            | Library     | Info | Compiler Version          | Compilation Options
-----------------------------------------------------------------------------------------------
standard                | std         |      |                           | <unavailable>
TEXTIO                  | std         |      | 13.0.376.8320 (Windows64) |  -2019
std_logic_1164          | ieee        |      | 13.0.376.8320 (Windows64) |  -2008
ENV                     | std         |      | 13.0.376.8320 (Windows64) |  -2019
NUMERIC_STD             | ieee        |      | 13.0.376.8320 (Windows64) |  -2008
-----------------------------------------------------------------------------------------------

-----------------------------------------------------------------------------------------------
Library                 | Comment
-----------------------------------------------------------------------------------------------
homework_61             | None
ieee                    | Standard IEEE packages library
std                     | Standard VHDL library
-----------------------------------------------------------------------------------------------


Simulation Options: asim -O5 +access +r +m+shift_tb shift_tb tb


The performance of simulation is reduced. Version Student Edition
