Active-HDL 13.0.376.8320 2022-11-22 16:30:00

Elaboration top modules:
Architecture                  struct(and_or_4z)


---------------------------------------------------------------------------------------------------
Entity       | Architecture | Library     | Info | Compiler Version          | Compilation Options
---------------------------------------------------------------------------------------------------
and_or_4z    | struct       | homework_42 |      | 13.0.376.8320 (Windows64) | -O3 -2019
log_func     | or_vect_n    | homework_42 |      | 13.0.376.8320 (Windows64) | -O3 -2019
log_func_buf | buf4         | homework_42 |      | 13.0.376.8320 (Windows64) | -O3 -2019
---------------------------------------------------------------------------------------------------

---------------------------------------------------------------------------------------------------
Verilog Module              | Library     | Info | Compiler Version          | Compilation Options
---------------------------------------------------------------------------------------------------
orN                         | homework_42 |      | 13.0.376.8320 (Windows64) | -O2 -sv2k12
---------------------------------------------------------------------------------------------------

---------------------------------------------------------------------------------------------------
VHDL Package                | Library     | Info | Compiler Version          | Compilation Options
---------------------------------------------------------------------------------------------------
standard                    | std         |      |                           | <unavailable>
TEXTIO                      | std         |      | 13.0.376.8320 (Windows64) |  -2019
std_logic_1164              | ieee        |      | 13.0.376.8320 (Windows64) |  -2008
NUMERIC_STD                 | ieee        |      | 13.0.376.8320 (Windows64) |  -2008
---------------------------------------------------------------------------------------------------

---------------------------------------------------------------------------------------------------
Library                     | Comment
---------------------------------------------------------------------------------------------------
homework_42                 | None
ieee                        | Standard IEEE packages library
std                         | Standard VHDL library
---------------------------------------------------------------------------------------------------
