Active-HDL 13.0.376.8320 2022-11-25 19:06:58

Elaboration top modules:
Architecture                  tb(penc_tb)


-----------------------------------------------------------------------------------------------
Entity   | Architecture | Library     | Info | Compiler Version          | Compilation Options
-----------------------------------------------------------------------------------------------
penc_tb  | tb           | homework_62 |      | 13.0.376.8320 (Windows64) | -O3 -2008
penc     | rtl5         | homework_62 |      | 13.0.376.8320 (Windows64) | -O3 -2008
-----------------------------------------------------------------------------------------------

-----------------------------------------------------------------------------------------------
VHDL Package            | Library     | Info | Compiler Version          | Compilation Options
-----------------------------------------------------------------------------------------------
standard                | std         |      |                           | <unavailable>
TEXTIO                  | std         |      | 13.0.376.8320 (Windows64) |  -2019
std_logic_1164          | ieee        |      | 13.0.376.8320 (Windows64) |  -2008
ENV                     | std         |      | 13.0.376.8320 (Windows64) |  -2019
NUMERIC_STD             | ieee        |      | 13.0.376.8320 (Windows64) |  -2008
-----------------------------------------------------------------------------------------------

-----------------------------------------------------------------------------------------------
Library                 | Comment
-----------------------------------------------------------------------------------------------
homework_62             | None
ieee                    | Standard IEEE packages library
std                     | Standard VHDL library
-----------------------------------------------------------------------------------------------
