Active-HDL 13.0.376.8320 2022-11-11 11:43:29

Elaboration top modules:
Architecture                  mux8(log_func)


-----------------------------------------------------------------------------------------------
Entity   | Architecture | Library     | Info | Compiler Version          | Compilation Options
-----------------------------------------------------------------------------------------------
log_func | mux8         | homework_31 |      | 13.0.376.8320 (Windows64) | -O3 -2008
-----------------------------------------------------------------------------------------------

-----------------------------------------------------------------------------------------------
VHDL Package            | Library     | Info | Compiler Version          | Compilation Options
-----------------------------------------------------------------------------------------------
standard                | std         |      |                           | <unavailable>
TEXTIO                  | std         |      | 13.0.376.8320 (Windows64) |  -2019
std_logic_1164          | ieee        |      | 13.0.376.8320 (Windows64) |  -2008
NUMERIC_STD             | ieee        |      | 13.0.376.8320 (Windows64) |  -2008
-----------------------------------------------------------------------------------------------

-----------------------------------------------------------------------------------------------
Library                 | Comment
-----------------------------------------------------------------------------------------------
homework_31             | None
ieee                    | Standard IEEE packages library
std                     | Standard VHDL library
-----------------------------------------------------------------------------------------------


Simulation Options: asim -O5 +access +r +m+log_func log_func mux8


The performance of simulation is reduced. Version Student Edition
