Active-HDL 13.0.376.8320 2022-09-30 10:23:56

Elaboration top modules:
Architecture                  rtl1(log_func)


----------------------------------------------------------------------------------------------
Entity   | Architecture | Library    | Info | Compiler Version          | Compilation Options
----------------------------------------------------------------------------------------------
log_func | rtl1         | homework_2 |      | 13.0.376.8320 (Windows64) | -O3
----------------------------------------------------------------------------------------------

----------------------------------------------------------------------------------------------
VHDL Package            | Library    | Info | Compiler Version          | Compilation Options
----------------------------------------------------------------------------------------------
standard                | std        |      |                           | <unavailable>
TEXTIO                  | std        |      | 13.0.376.8320 (Windows64) |  -2019
std_logic_1164          | ieee       |      | 13.0.376.8320 (Windows64) |  -2008
NUMERIC_STD             | ieee       |      | 13.0.376.8320 (Windows64) |  -2008
----------------------------------------------------------------------------------------------

----------------------------------------------------------------------------------------------
Library                 | Comment
----------------------------------------------------------------------------------------------
homework_2              | None
ieee                    | Standard IEEE packages library
std                     | Standard VHDL library
----------------------------------------------------------------------------------------------
